{"C:\\Users\\loren\\projeto_fullstack\\src\\errors\\AppError.ts": {"path":"C:\\Users\\loren\\projeto_fullstack\\src\\errors\\AppError.ts","statementMap":{"0":{"start":{"line":5,"column":4},"end":{"line":5,"column":19}},"1":{"start":{"line":6,"column":4},"end":{"line":6,"column":33}},"2":{"start":{"line":1,"column":0},"end":{"line":1,"column":13}}},"fnMap":{"0":{"name":"(anonymous_0)","decl":{"start":{"line":4,"column":2},"end":{"line":4,"column":14}},"loc":{"start":{"line":4,"column":49},"end":{"line":7,"column":3}}}},"branchMap":{},"s":{"0":12,"1":12,"2":8},"f":{"0":12},"b":{}}
,"C:\\Users\\loren\\projeto_fullstack\\src\\services\\director.service.ts": {"path":"C:\\Users\\loren\\projeto_fullstack\\src\\services\\director.service.ts","statementMap":{"0":{"start":{"line":14,"column":0},"end":{"line":14,"column":7}},"1":{"start":{"line":41,"column":0},"end":{"line":41,"column":7}},"2":{"start":{"line":59,"column":0},"end":{"line":59,"column":7}},"3":{"start":{"line":90,"column":0},"end":{"line":90,"column":7}},"4":{"start":{"line":117,"column":0},"end":{"line":117,"column":7}},"5":{"start":{"line":147,"column":0},"end":{"line":147,"column":7}},"6":{"start":{"line":1,"column":0},"end":{"line":1,"column":40}},"7":{"start":{"line":2,"column":0},"end":{"line":2,"column":46}},"8":{"start":{"line":5,"column":2},"end":{"line":7,"column":3}},"9":{"start":{"line":6,"column":4},"end":{"line":6,"column":48}},"10":{"start":{"line":9,"column":2},"end":{"line":11,"column":3}},"11":{"start":{"line":10,"column":4},"end":{"line":10,"column":72}},"12":{"start":{"line":15,"column":2},"end":{"line":15,"column":63}},"13":{"start":{"line":17,"column":2},"end":{"line":38,"column":3}},"14":{"start":{"line":18,"column":4},"end":{"line":18,"column":23}},"15":{"start":{"line":19,"column":29},"end":{"line":21,"column":6}},"16":{"start":{"line":22,"column":4},"end":{"line":22,"column":75}},"17":{"start":{"line":24,"column":4},"end":{"line":27,"column":5}},"18":{"start":{"line":25,"column":6},"end":{"line":25,"column":74}},"19":{"start":{"line":26,"column":6},"end":{"line":26,"column":57}},"20":{"start":{"line":28,"column":21},"end":{"line":30,"column":6}},"21":{"start":{"line":32,"column":4},"end":{"line":32,"column":67}},"22":{"start":{"line":33,"column":4},"end":{"line":33,"column":20}},"23":{"start":{"line":36,"column":4},"end":{"line":36,"column":63}},"24":{"start":{"line":37,"column":4},"end":{"line":37,"column":16}},"25":{"start":{"line":42,"column":2},"end":{"line":42,"column":60}},"26":{"start":{"line":44,"column":2},"end":{"line":56,"column":3}},"27":{"start":{"line":45,"column":22},"end":{"line":45,"column":54}},"28":{"start":{"line":47,"column":4},"end":{"line":49,"column":7}},"29":{"start":{"line":51,"column":4},"end":{"line":51,"column":21}},"30":{"start":{"line":54,"column":4},"end":{"line":54,"column":65}},"31":{"start":{"line":55,"column":4},"end":{"line":55,"column":16}},"32":{"start":{"line":60,"column":2},"end":{"line":60,"column":61}},"33":{"start":{"line":62,"column":2},"end":{"line":87,"column":3}},"34":{"start":{"line":63,"column":21},"end":{"line":66,"column":6}},"35":{"start":{"line":68,"column":4},"end":{"line":71,"column":5}},"36":{"start":{"line":69,"column":6},"end":{"line":69,"column":74}},"37":{"start":{"line":70,"column":6},"end":{"line":70,"column":52}},"38":{"start":{"line":73,"column":4},"end":{"line":76,"column":5}},"39":{"start":{"line":74,"column":6},"end":{"line":74,"column":86}},"40":{"start":{"line":75,"column":6},"end":{"line":75,"column":64}},"41":{"start":{"line":78,"column":4},"end":{"line":80,"column":7}},"42":{"start":{"line":82,"column":4},"end":{"line":82,"column":82}},"43":{"start":{"line":85,"column":4},"end":{"line":85,"column":63}},"44":{"start":{"line":86,"column":4},"end":{"line":86,"column":16}},"45":{"start":{"line":91,"column":2},"end":{"line":91,"column":68}},"46":{"start":{"line":93,"column":2},"end":{"line":114,"column":3}},"47":{"start":{"line":94,"column":21},"end":{"line":97,"column":6}},"48":{"start":{"line":99,"column":4},"end":{"line":102,"column":5}},"49":{"start":{"line":100,"column":6},"end":{"line":100,"column":81}},"50":{"start":{"line":101,"column":6},"end":{"line":101,"column":52}},"51":{"start":{"line":104,"column":4},"end":{"line":107,"column":7}},"52":{"start":{"line":109,"column":4},"end":{"line":109,"column":27}},"53":{"start":{"line":112,"column":4},"end":{"line":112,"column":70}},"54":{"start":{"line":113,"column":4},"end":{"line":113,"column":16}},"55":{"start":{"line":118,"column":2},"end":{"line":118,"column":67}},"56":{"start":{"line":120,"column":2},"end":{"line":144,"column":3}},"57":{"start":{"line":121,"column":4},"end":{"line":121,"column":23}},"58":{"start":{"line":123,"column":21},"end":{"line":125,"column":6}},"59":{"start":{"line":127,"column":4},"end":{"line":130,"column":5}},"60":{"start":{"line":128,"column":6},"end":{"line":128,"column":74}},"61":{"start":{"line":129,"column":6},"end":{"line":129,"column":52}},"62":{"start":{"line":132,"column":20},"end":{"line":135,"column":6}},"63":{"start":{"line":137,"column":4},"end":{"line":137,"column":66}},"64":{"start":{"line":139,"column":4},"end":{"line":139,"column":19}},"65":{"start":{"line":142,"column":4},"end":{"line":142,"column":63}},"66":{"start":{"line":143,"column":4},"end":{"line":143,"column":16}},"67":{"start":{"line":148,"column":2},"end":{"line":148,"column":64}},"68":{"start":{"line":150,"column":2},"end":{"line":167,"column":3}},"69":{"start":{"line":151,"column":21},"end":{"line":153,"column":6}},"70":{"start":{"line":155,"column":4},"end":{"line":158,"column":5}},"71":{"start":{"line":156,"column":6},"end":{"line":156,"column":77}},"72":{"start":{"line":157,"column":6},"end":{"line":157,"column":52}},"73":{"start":{"line":160,"column":4},"end":{"line":160,"column":70}},"74":{"start":{"line":162,"column":4},"end":{"line":162,"column":20}},"75":{"start":{"line":165,"column":4},"end":{"line":165,"column":66}},"76":{"start":{"line":166,"column":4},"end":{"line":166,"column":16}}},"fnMap":{"0":{"name":"validateName","decl":{"start":{"line":4,"column":9},"end":{"line":4,"column":21}},"loc":{"start":{"line":4,"column":34},"end":{"line":12,"column":1}}},"1":{"name":"createDirector","decl":{"start":{"line":14,"column":22},"end":{"line":14,"column":36}},"loc":{"start":{"line":14,"column":49},"end":{"line":39,"column":1}}},"2":{"name":"getAllDirectors","decl":{"start":{"line":41,"column":22},"end":{"line":41,"column":37}},"loc":{"start":{"line":41,"column":37},"end":{"line":57,"column":1}}},"3":{"name":"deleteDirector","decl":{"start":{"line":59,"column":22},"end":{"line":59,"column":36}},"loc":{"start":{"line":59,"column":47},"end":{"line":88,"column":1}}},"4":{"name":"getMoviesByDirector","decl":{"start":{"line":90,"column":22},"end":{"line":90,"column":41}},"loc":{"start":{"line":90,"column":52},"end":{"line":115,"column":1}}},"5":{"name":"updateDirector","decl":{"start":{"line":117,"column":22},"end":{"line":117,"column":36}},"loc":{"start":{"line":117,"column":61},"end":{"line":145,"column":1}}},"6":{"name":"getDirectorById","decl":{"start":{"line":147,"column":22},"end":{"line":147,"column":37}},"loc":{"start":{"line":147,"column":48},"end":{"line":168,"column":1}}}},"branchMap":{"0":{"loc":{"start":{"line":5,"column":2},"end":{"line":7,"column":3}},"type":"if","locations":[{"start":{"line":5,"column":2},"end":{"line":7,"column":3}},{"start":{},"end":{}}]},"1":{"loc":{"start":{"line":9,"column":2},"end":{"line":11,"column":3}},"type":"if","locations":[{"start":{"line":9,"column":2},"end":{"line":11,"column":3}},{"start":{},"end":{}}]},"2":{"loc":{"start":{"line":9,"column":6},"end":{"line":9,"column":41}},"type":"binary-expr","locations":[{"start":{"line":9,"column":6},"end":{"line":9,"column":21}},{"start":{"line":9,"column":25},"end":{"line":9,"column":41}}]},"3":{"loc":{"start":{"line":24,"column":4},"end":{"line":27,"column":5}},"type":"if","locations":[{"start":{"line":24,"column":4},"end":{"line":27,"column":5}},{"start":{},"end":{}}]},"4":{"loc":{"start":{"line":68,"column":4},"end":{"line":71,"column":5}},"type":"if","locations":[{"start":{"line":68,"column":4},"end":{"line":71,"column":5}},{"start":{},"end":{}}]},"5":{"loc":{"start":{"line":73,"column":4},"end":{"line":76,"column":5}},"type":"if","locations":[{"start":{"line":73,"column":4},"end":{"line":76,"column":5}},{"start":{},"end":{}}]},"6":{"loc":{"start":{"line":99,"column":4},"end":{"line":102,"column":5}},"type":"if","locations":[{"start":{"line":99,"column":4},"end":{"line":102,"column":5}},{"start":{},"end":{}}]},"7":{"loc":{"start":{"line":127,"column":4},"end":{"line":130,"column":5}},"type":"if","locations":[{"start":{"line":127,"column":4},"end":{"line":130,"column":5}},{"start":{},"end":{}}]},"8":{"loc":{"start":{"line":155,"column":4},"end":{"line":158,"column":5}},"type":"if","locations":[{"start":{"line":155,"column":4},"end":{"line":158,"column":5}},{"start":{},"end":{}}]}},"s":{"0":3,"1":3,"2":3,"3":3,"4":3,"5":3,"6":3,"7":3,"8":6,"9":1,"10":5,"11":1,"12":4,"13":4,"14":4,"15":2,"16":2,"17":2,"18":1,"19":1,"20":1,"21":1,"22":1,"23":3,"24":3,"25":0,"26":0,"27":0,"28":0,"29":0,"30":0,"31":0,"32":2,"33":2,"34":2,"35":2,"36":0,"37":0,"38":2,"39":1,"40":1,"41":1,"42":1,"43":1,"44":1,"45":0,"46":0,"47":0,"48":0,"49":0,"50":0,"51":0,"52":0,"53":0,"54":0,"55":2,"56":2,"57":2,"58":2,"59":2,"60":1,"61":1,"62":1,"63":1,"64":1,"65":1,"66":1,"67":0,"68":0,"69":0,"70":0,"71":0,"72":0,"73":0,"74":0,"75":0,"76":0},"f":{"0":6,"1":4,"2":0,"3":2,"4":0,"5":2,"6":0},"b":{"0":[1,5],"1":[1,4],"2":[5,4],"3":[1,1],"4":[0,2],"5":[1,1],"6":[0,0],"7":[1,1],"8":[0,0]}}
,"C:\\Users\\loren\\projeto_fullstack\\src\\services\\movie.service.ts": {"path":"C:\\Users\\loren\\projeto_fullstack\\src\\services\\movie.service.ts","statementMap":{"0":{"start":{"line":5,"column":0},"end":{"line":5,"column":7}},"1":{"start":{"line":41,"column":0},"end":{"line":41,"column":7}},"2":{"start":{"line":62,"column":0},"end":{"line":62,"column":7}},"3":{"start":{"line":84,"column":0},"end":{"line":84,"column":7}},"4":{"start":{"line":121,"column":0},"end":{"line":121,"column":7}},"5":{"start":{"line":1,"column":0},"end":{"line":1,"column":40}},"6":{"start":{"line":2,"column":0},"end":{"line":2,"column":46}},"7":{"start":{"line":6,"column":2},"end":{"line":6,"column":61}},"8":{"start":{"line":8,"column":2},"end":{"line":38,"column":3}},"9":{"start":{"line":13,"column":8},"end":{"line":13,"column":10}},"10":{"start":{"line":14,"column":4},"end":{"line":18,"column":5}},"11":{"start":{"line":15,"column":6},"end":{"line":17,"column":8}},"12":{"start":{"line":19,"column":4},"end":{"line":21,"column":5}},"13":{"start":{"line":20,"column":6},"end":{"line":20,"column":34}},"14":{"start":{"line":22,"column":4},"end":{"line":24,"column":5}},"15":{"start":{"line":23,"column":6},"end":{"line":23,"column":46}},"16":{"start":{"line":26,"column":19},"end":{"line":29,"column":6}},"17":{"start":{"line":30,"column":4},"end":{"line":32,"column":7}},"18":{"start":{"line":33,"column":4},"end":{"line":33,"column":18}},"19":{"start":{"line":36,"column":4},"end":{"line":36,"column":62}},"20":{"start":{"line":37,"column":4},"end":{"line":37,"column":16}},"21":{"start":{"line":42,"column":2},"end":{"line":42,"column":61}},"22":{"start":{"line":44,"column":2},"end":{"line":59,"column":3}},"23":{"start":{"line":45,"column":18},"end":{"line":48,"column":6}},"24":{"start":{"line":49,"column":4},"end":{"line":52,"column":5}},"25":{"start":{"line":50,"column":6},"end":{"line":50,"column":71}},"26":{"start":{"line":51,"column":6},"end":{"line":51,"column":49}},"27":{"start":{"line":53,"column":4},"end":{"line":53,"column":64}},"28":{"start":{"line":54,"column":4},"end":{"line":54,"column":17}},"29":{"start":{"line":57,"column":4},"end":{"line":57,"column":63}},"30":{"start":{"line":58,"column":4},"end":{"line":58,"column":16}},"31":{"start":{"line":63,"column":2},"end":{"line":63,"column":58}},"32":{"start":{"line":65,"column":2},"end":{"line":81,"column":3}},"33":{"start":{"line":66,"column":18},"end":{"line":68,"column":6}},"34":{"start":{"line":69,"column":4},"end":{"line":72,"column":5}},"35":{"start":{"line":70,"column":6},"end":{"line":70,"column":68}},"36":{"start":{"line":71,"column":6},"end":{"line":71,"column":49}},"37":{"start":{"line":73,"column":4},"end":{"line":75,"column":7}},"38":{"start":{"line":76,"column":4},"end":{"line":76,"column":76}},"39":{"start":{"line":79,"column":4},"end":{"line":79,"column":60}},"40":{"start":{"line":80,"column":4},"end":{"line":80,"column":16}},"41":{"start":{"line":85,"column":2},"end":{"line":85,"column":56}},"42":{"start":{"line":87,"column":2},"end":{"line":118,"column":3}},"43":{"start":{"line":88,"column":67},"end":{"line":88,"column":71}},"44":{"start":{"line":89,"column":4},"end":{"line":92,"column":5}},"45":{"start":{"line":90,"column":6},"end":{"line":90,"column":71}},"46":{"start":{"line":91,"column":6},"end":{"line":91,"column":57}},"47":{"start":{"line":93,"column":24},"end":{"line":93,"column":48}},"48":{"start":{"line":94,"column":4},"end":{"line":97,"column":5}},"49":{"start":{"line":95,"column":6},"end":{"line":95,"column":82}},"50":{"start":{"line":96,"column":6},"end":{"line":96,"column":54}},"51":{"start":{"line":98,"column":4},"end":{"line":101,"column":5}},"52":{"start":{"line":99,"column":6},"end":{"line":99,"column":68}},"53":{"start":{"line":100,"column":6},"end":{"line":100,"column":76}},"54":{"start":{"line":102,"column":21},"end":{"line":104,"column":6}},"55":{"start":{"line":105,"column":4},"end":{"line":108,"column":5}},"56":{"start":{"line":106,"column":6},"end":{"line":106,"column":79}},"57":{"start":{"line":107,"column":6},"end":{"line":107,"column":52}},"58":{"start":{"line":109,"column":18},"end":{"line":111,"column":6}},"59":{"start":{"line":112,"column":4},"end":{"line":112,"column":61}},"60":{"start":{"line":113,"column":4},"end":{"line":113,"column":17}},"61":{"start":{"line":116,"column":4},"end":{"line":116,"column":60}},"62":{"start":{"line":117,"column":4},"end":{"line":117,"column":16}},"63":{"start":{"line":122,"column":2},"end":{"line":122,"column":64}},"64":{"start":{"line":123,"column":2},"end":{"line":141,"column":3}},"65":{"start":{"line":124,"column":18},"end":{"line":126,"column":6}},"66":{"start":{"line":127,"column":4},"end":{"line":130,"column":5}},"67":{"start":{"line":128,"column":6},"end":{"line":128,"column":68}},"68":{"start":{"line":129,"column":6},"end":{"line":129,"column":49}},"69":{"start":{"line":131,"column":20},"end":{"line":134,"column":6}},"70":{"start":{"line":135,"column":4},"end":{"line":135,"column":63}},"71":{"start":{"line":136,"column":4},"end":{"line":136,"column":19}},"72":{"start":{"line":139,"column":4},"end":{"line":139,"column":60}},"73":{"start":{"line":140,"column":4},"end":{"line":140,"column":16}}},"fnMap":{"0":{"name":"getAllMovies","decl":{"start":{"line":5,"column":22},"end":{"line":5,"column":34}},"loc":{"start":{"line":5,"column":56},"end":{"line":39,"column":1}}},"1":{"name":"getMovieById","decl":{"start":{"line":41,"column":22},"end":{"line":41,"column":34}},"loc":{"start":{"line":41,"column":45},"end":{"line":60,"column":1}}},"2":{"name":"deleteMovie","decl":{"start":{"line":62,"column":22},"end":{"line":62,"column":33}},"loc":{"start":{"line":62,"column":44},"end":{"line":82,"column":1}}},"3":{"name":"createMovie","decl":{"start":{"line":84,"column":22},"end":{"line":84,"column":33}},"loc":{"start":{"line":84,"column":54},"end":{"line":119,"column":1}}},"4":{"name":"updateMovie","decl":{"start":{"line":121,"column":22},"end":{"line":121,"column":33}},"loc":{"start":{"line":121,"column":66},"end":{"line":142,"column":1}}}},"branchMap":{"0":{"loc":{"start":{"line":14,"column":4},"end":{"line":18,"column":5}},"type":"if","locations":[{"start":{"line":14,"column":4},"end":{"line":18,"column":5}},{"start":{},"end":{}}]},"1":{"loc":{"start":{"line":19,"column":4},"end":{"line":21,"column":5}},"type":"if","locations":[{"start":{"line":19,"column":4},"end":{"line":21,"column":5}},{"start":{},"end":{}}]},"2":{"loc":{"start":{"line":22,"column":4},"end":{"line":24,"column":5}},"type":"if","locations":[{"start":{"line":22,"column":4},"end":{"line":24,"column":5}},{"start":{},"end":{}}]},"3":{"loc":{"start":{"line":49,"column":4},"end":{"line":52,"column":5}},"type":"if","locations":[{"start":{"line":49,"column":4},"end":{"line":52,"column":5}},{"start":{},"end":{}}]},"4":{"loc":{"start":{"line":69,"column":4},"end":{"line":72,"column":5}},"type":"if","locations":[{"start":{"line":69,"column":4},"end":{"line":72,"column":5}},{"start":{},"end":{}}]},"5":{"loc":{"start":{"line":89,"column":4},"end":{"line":92,"column":5}},"type":"if","locations":[{"start":{"line":89,"column":4},"end":{"line":92,"column":5}},{"start":{},"end":{}}]},"6":{"loc":{"start":{"line":89,"column":8},"end":{"line":89,"column":55}},"type":"binary-expr","locations":[{"start":{"line":89,"column":8},"end":{"line":89,"column":14}},{"start":{"line":89,"column":18},"end":{"line":89,"column":24}},{"start":{"line":89,"column":28},"end":{"line":89,"column":40}},{"start":{"line":89,"column":44},"end":{"line":89,"column":55}}]},"7":{"loc":{"start":{"line":94,"column":4},"end":{"line":97,"column":5}},"type":"if","locations":[{"start":{"line":94,"column":4},"end":{"line":97,"column":5}},{"start":{},"end":{}}]},"8":{"loc":{"start":{"line":98,"column":4},"end":{"line":101,"column":5}},"type":"if","locations":[{"start":{"line":98,"column":4},"end":{"line":101,"column":5}},{"start":{},"end":{}}]},"9":{"loc":{"start":{"line":98,"column":8},"end":{"line":98,"column":47}},"type":"binary-expr","locations":[{"start":{"line":98,"column":8},"end":{"line":98,"column":19}},{"start":{"line":98,"column":23},"end":{"line":98,"column":47}}]},"10":{"loc":{"start":{"line":105,"column":4},"end":{"line":108,"column":5}},"type":"if","locations":[{"start":{"line":105,"column":4},"end":{"line":108,"column":5}},{"start":{},"end":{}}]},"11":{"loc":{"start":{"line":127,"column":4},"end":{"line":130,"column":5}},"type":"if","locations":[{"start":{"line":127,"column":4},"end":{"line":130,"column":5}},{"start":{},"end":{}}]}},"s":{"0":5,"1":5,"2":5,"3":5,"4":5,"5":5,"6":5,"7":3,"8":3,"9":3,"10":3,"11":1,"12":3,"13":0,"14":3,"15":1,"16":3,"17":3,"18":3,"19":0,"20":0,"21":2,"22":2,"23":2,"24":2,"25":1,"26":1,"27":1,"28":1,"29":1,"30":1,"31":2,"32":2,"33":2,"34":2,"35":1,"36":1,"37":1,"38":1,"39":1,"40":1,"41":5,"42":5,"43":5,"44":5,"45":1,"46":1,"47":4,"48":4,"49":1,"50":1,"51":3,"52":1,"53":1,"54":2,"55":2,"56":1,"57":1,"58":1,"59":1,"60":1,"61":4,"62":4,"63":2,"64":2,"65":2,"66":2,"67":1,"68":1,"69":1,"70":1,"71":1,"72":1,"73":1},"f":{"0":3,"1":2,"2":2,"3":5,"4":2},"b":{"0":[1,2],"1":[0,3],"2":[1,2],"3":[1,1],"4":[1,1],"5":[1,4],"6":[5,4,4,4],"7":[1,3],"8":[1,2],"9":[3,1],"10":[1,1],"11":[1,1]}}
}
