TN:
SF:src\errors\AppError.ts
FN:4,(anonymous_0)
FNF:1
FNH:1
FNDA:12,(anonymous_0)
DA:1,8
DA:5,12
DA:6,12
LF:3
LH:3
BRF:0
BRH:0
end_of_record
TN:
SF:src\services\director.service.ts
FN:4,validateName
FN:14,createDirector
FN:41,getAllDirectors
FN:59,deleteDirector
FN:90,getMoviesByDirector
FN:117,updateDirector
FN:147,getDirectorById
FNF:7
FNH:4
FNDA:6,validateName
FNDA:4,createDirector
FNDA:0,getAllDirectors
FNDA:2,deleteDirector
FNDA:0,getMoviesByDirector
FNDA:2,updateDirector
FNDA:0,getDirectorById
DA:1,3
DA:2,3
DA:5,6
DA:6,1
DA:9,5
DA:10,1
DA:14,3
DA:15,4
DA:17,4
DA:18,4
DA:19,2
DA:22,2
DA:24,2
DA:25,1
DA:26,1
DA:28,1
DA:32,1
DA:33,1
DA:36,3
DA:37,3
DA:41,3
DA:42,0
DA:44,0
DA:45,0
DA:47,0
DA:51,0
DA:54,0
DA:55,0
DA:59,3
DA:60,2
DA:62,2
DA:63,2
DA:68,2
DA:69,0
DA:70,0
DA:73,2
DA:74,1
DA:75,1
DA:78,1
DA:82,1
DA:85,1
DA:86,1
DA:90,3
DA:91,0
DA:93,0
DA:94,0
DA:99,0
DA:100,0
DA:101,0
DA:104,0
DA:109,0
DA:112,0
DA:113,0
DA:117,3
DA:118,2
DA:120,2
DA:121,2
DA:123,2
DA:127,2
DA:128,1
DA:129,1
DA:132,1
DA:137,1
DA:139,1
DA:142,1
DA:143,1
DA:147,3
DA:148,0
DA:150,0
DA:151,0
DA:155,0
DA:156,0
DA:157,0
DA:160,0
DA:162,0
DA:165,0
DA:166,0
LF:77
LH:48
BRDA:5,0,0,1
BRDA:5,0,1,5
BRDA:9,1,0,1
BRDA:9,1,1,4
BRDA:9,2,0,5
BRDA:9,2,1,4
BRDA:24,3,0,1
BRDA:24,3,1,1
BRDA:68,4,0,0
BRDA:68,4,1,2
BRDA:73,5,0,1
BRDA:73,5,1,1
BRDA:99,6,0,0
BRDA:99,6,1,0
BRDA:127,7,0,1
BRDA:127,7,1,1
BRDA:155,8,0,0
BRDA:155,8,1,0
BRF:18
BRH:13
end_of_record
TN:
SF:src\services\movie.service.ts
FN:5,getAllMovies
FN:41,getMovieById
FN:62,deleteMovie
FN:84,createMovie
FN:121,updateMovie
FNF:5
FNH:5
FNDA:3,getAllMovies
FNDA:2,getMovieById
FNDA:2,deleteMovie
FNDA:5,createMovie
FNDA:2,updateMovie
DA:1,5
DA:2,5
DA:5,5
DA:6,3
DA:8,3
DA:13,3
DA:14,3
DA:15,1
DA:19,3
DA:20,0
DA:22,3
DA:23,1
DA:26,3
DA:30,3
DA:33,3
DA:36,0
DA:37,0
DA:41,5
DA:42,2
DA:44,2
DA:45,2
DA:49,2
DA:50,1
DA:51,1
DA:53,1
DA:54,1
DA:57,1
DA:58,1
DA:62,5
DA:63,2
DA:65,2
DA:66,2
DA:69,2
DA:70,1
DA:71,1
DA:73,1
DA:76,1
DA:79,1
DA:80,1
DA:84,5
DA:85,5
DA:87,5
DA:88,5
DA:89,5
DA:90,1
DA:91,1
DA:93,4
DA:94,4
DA:95,1
DA:96,1
DA:98,3
DA:99,1
DA:100,1
DA:102,2
DA:105,2
DA:106,1
DA:107,1
DA:109,1
DA:112,1
DA:113,1
DA:116,4
DA:117,4
DA:121,5
DA:122,2
DA:123,2
DA:124,2
DA:127,2
DA:128,1
DA:129,1
DA:131,1
DA:135,1
DA:136,1
DA:139,1
DA:140,1
LF:74
LH:71
BRDA:14,0,0,1
BRDA:14,0,1,2
BRDA:19,1,0,0
BRDA:19,1,1,3
BRDA:22,2,0,1
BRDA:22,2,1,2
BRDA:49,3,0,1
BRDA:49,3,1,1
BRDA:69,4,0,1
BRDA:69,4,1,1
BRDA:89,5,0,1
BRDA:89,5,1,4
BRDA:89,6,0,5
BRDA:89,6,1,4
BRDA:89,6,2,4
BRDA:89,6,3,4
BRDA:94,7,0,1
BRDA:94,7,1,3
BRDA:98,8,0,1
BRDA:98,8,1,2
BRDA:98,9,0,3
BRDA:98,9,1,1
BRDA:105,10,0,1
BRDA:105,10,1,1
BRDA:127,11,0,1
BRDA:127,11,1,1
BRF:26
BRH:25
end_of_record
