TN:
SF:src\errors\AppError.ts
FN:4,(anonymous_0)
FNF:1
FNH:1
FNDA:11,(anonymous_0)
DA:1,7
DA:5,11
DA:6,11
LF:3
LH:3
BRF:0
BRH:0
end_of_record
TN:
SF:src\services\director.service.ts
FN:4,validateName
FN:14,createDirector
FN:41,getAllDirectors
FN:59,deleteDirector
FN:90,getMoviesByDirector
FN:117,updateDirector
FN:147,getDirectorById
FNF:7
FNH:4
FNDA:6,validateName
FNDA:4,createDirector
FNDA:0,getAllDirectors
FNDA:1,deleteDirector
FNDA:0,getMoviesByDirector
FNDA:2,updateDirector
FNDA:0,getDirectorById
DA:1,3
DA:2,3
DA:5,6
DA:6,1
DA:9,5
DA:10,1
DA:14,3
DA:15,4
DA:17,4
DA:18,4
DA:19,2
DA:22,2
DA:24,2
DA:25,1
DA:26,1
DA:28,1
DA:32,1
DA:33,1
DA:36,3
DA:37,3
DA:41,3
DA:42,0
DA:44,0
DA:45,0
DA:47,0
DA:51,0
DA:54,0
DA:55,0
DA:59,3
DA:60,1
DA:62,1
DA:63,1
DA:68,1
DA:69,0
DA:70,0
DA:73,1
DA:74,0
DA:75,0
DA:78,1
DA:82,1
DA:85,0
DA:86,0
DA:90,3
DA:91,0
DA:93,0
DA:94,0
DA:99,0
DA:100,0
DA:101,0
DA:104,0
DA:109,0
DA:112,0
DA:113,0
DA:117,3
DA:118,2
DA:120,2
DA:121,2
DA:123,2
DA:127,2
DA:128,1
DA:129,1
DA:132,1
DA:137,1
DA:139,1
DA:142,1
DA:143,1
DA:147,3
DA:148,0
DA:150,0
DA:151,0
DA:155,0
DA:156,0
DA:157,0
DA:160,0
DA:162,0
DA:165,0
DA:166,0
LF:77
LH:44
BRDA:5,0,0,1
BRDA:5,0,1,5
BRDA:9,1,0,1
BRDA:9,1,1,4
BRDA:9,2,0,5
BRDA:9,2,1,4
BRDA:24,3,0,1
BRDA:24,3,1,1
BRDA:68,4,0,0
BRDA:68,4,1,1
BRDA:73,5,0,0
BRDA:73,5,1,1
BRDA:99,6,0,0
BRDA:99,6,1,0
BRDA:127,7,0,1
BRDA:127,7,1,1
BRDA:155,8,0,0
BRDA:155,8,1,0
BRF:18
BRH:12
end_of_record
TN:
SF:src\services\movie.service.ts
FN:19,getAllMovies
FN:50,getMovieById
FN:71,deleteMovie
FN:93,createMovie
FN:130,updateMovie
FNF:5
FNH:4
FNDA:0,getAllMovies
FNDA:2,getMovieById
FNDA:2,deleteMovie
FNDA:5,createMovie
FNDA:2,updateMovie
DA:1,4
DA:2,4
DA:19,4
DA:20,0
DA:22,0
DA:23,0
DA:24,0
DA:25,0
DA:29,0
DA:30,0
DA:32,0
DA:33,0
DA:35,0
DA:39,0
DA:42,0
DA:45,0
DA:46,0
DA:50,4
DA:51,2
DA:53,2
DA:54,2
DA:58,2
DA:59,1
DA:60,1
DA:62,1
DA:63,1
DA:66,1
DA:67,1
DA:71,4
DA:72,2
DA:74,2
DA:75,2
DA:78,2
DA:79,1
DA:80,1
DA:82,1
DA:85,1
DA:88,1
DA:89,1
DA:93,4
DA:94,5
DA:96,5
DA:97,5
DA:98,5
DA:99,1
DA:100,1
DA:102,4
DA:103,4
DA:104,1
DA:105,1
DA:107,3
DA:108,1
DA:109,1
DA:111,2
DA:114,2
DA:115,1
DA:116,1
DA:118,1
DA:121,1
DA:122,1
DA:125,4
DA:126,4
DA:130,4
DA:131,2
DA:132,2
DA:133,2
DA:136,2
DA:137,1
DA:138,1
DA:140,1
DA:144,1
DA:145,1
DA:148,1
DA:149,1
LF:74
LH:60
BRDA:24,0,0,0
BRDA:24,0,1,0
BRDA:29,1,0,0
BRDA:29,1,1,0
BRDA:32,2,0,0
BRDA:32,2,1,0
BRDA:58,3,0,1
BRDA:58,3,1,1
BRDA:78,4,0,1
BRDA:78,4,1,1
BRDA:98,5,0,1
BRDA:98,5,1,4
BRDA:98,6,0,5
BRDA:98,6,1,4
BRDA:98,6,2,4
BRDA:98,6,3,4
BRDA:103,7,0,1
BRDA:103,7,1,3
BRDA:107,8,0,1
BRDA:107,8,1,2
BRDA:107,9,0,3
BRDA:107,9,1,1
BRDA:114,10,0,1
BRDA:114,10,1,1
BRDA:136,11,0,1
BRDA:136,11,1,1
BRF:26
BRH:20
end_of_record
